==4967== Memcheck, a memory error detector
==4967== Copyright (C) 2002-2013, and GNU GPL'd, by Julian Seward et al.
==4967== Using Valgrind-3.10.1 and LibVEX; rerun with -h for copyright info
==4967== Command: bfg
==4967== 
==4967== Mismatched free() / delete / delete []
==4967==    at 0x4C2C2BC: operator delete(void*) (in /usr/lib/valgrind/vgpreload_memcheck-amd64-linux.so)
==4967==    by 0x405671: winManager::~winManager() (in /home/ben/shared/UMass/History455/Fractals/Code/bfg)
==4967==    by 0x402D98: main (in /home/ben/shared/UMass/History455/Fractals/Code/bfg)
==4967==  Address 0xf75d040 is 0 bytes inside a block of size 4,000,000 alloc'd
==4967==    at 0x4C2B800: operator new[](unsigned long) (in /usr/lib/valgrind/vgpreload_memcheck-amd64-linux.so)
==4967==    by 0x40536F: winManager::winManager() (in /home/ben/shared/UMass/History455/Fractals/Code/bfg)
==4967==    by 0x402C32: main (in /home/ben/shared/UMass/History455/Fractals/Code/bfg)
==4967== 
==4967== Invalid free() / delete / delete[] / realloc()
==4967==    at 0x4C2C2BC: operator delete(void*) (in /usr/lib/valgrind/vgpreload_memcheck-amd64-linux.so)
==4967==    by 0x405671: winManager::~winManager() (in /home/ben/shared/UMass/History455/Fractals/Code/bfg)
==4967==    by 0x402DAC: main (in /home/ben/shared/UMass/History455/Fractals/Code/bfg)
==4967==  Address 0xf75d040 is 0 bytes inside a block of size 4,000,000 free'd
==4967==    at 0x4C2C2BC: operator delete(void*) (in /usr/lib/valgrind/vgpreload_memcheck-amd64-linux.so)
==4967==    by 0x405671: winManager::~winManager() (in /home/ben/shared/UMass/History455/Fractals/Code/bfg)
==4967==    by 0x402D98: main (in /home/ben/shared/UMass/History455/Fractals/Code/bfg)
==4967== 
==4967== Invalid read of size 4
==4967==    at 0x5054B7E: sf::Font::~Font() (in /usr/local/lib/libsfml-graphics.so.2.3.2)
==4967==    by 0x405693: winManager::~winManager() (in /home/ben/shared/UMass/History455/Fractals/Code/bfg)
==4967==    by 0x402DAC: main (in /home/ben/shared/UMass/History455/Fractals/Code/bfg)
==4967==  Address 0xfb54620 is 16 bytes inside a block of size 33 free'd
==4967==    at 0x4C2C2BC: operator delete(void*) (in /usr/lib/valgrind/vgpreload_memcheck-amd64-linux.so)
==4967==    by 0x5054B8F: sf::Font::~Font() (in /usr/local/lib/libsfml-graphics.so.2.3.2)
==4967==    by 0x405693: winManager::~winManager() (in /home/ben/shared/UMass/History455/Fractals/Code/bfg)
==4967==    by 0x402D98: main (in /home/ben/shared/UMass/History455/Fractals/Code/bfg)
==4967== 
==4967== Invalid free() / delete / delete[] / realloc()
==4967==    at 0x4C2C2BC: operator delete(void*) (in /usr/lib/valgrind/vgpreload_memcheck-amd64-linux.so)
==4967==    by 0x5054B8F: sf::Font::~Font() (in /usr/local/lib/libsfml-graphics.so.2.3.2)
==4967==    by 0x405693: winManager::~winManager() (in /home/ben/shared/UMass/History455/Fractals/Code/bfg)
==4967==    by 0x402DAC: main (in /home/ben/shared/UMass/History455/Fractals/Code/bfg)
==4967==  Address 0xfb54610 is 0 bytes inside a block of size 33 free'd
==4967==    at 0x4C2C2BC: operator delete(void*) (in /usr/lib/valgrind/vgpreload_memcheck-amd64-linux.so)
==4967==    by 0x5054B8F: sf::Font::~Font() (in /usr/local/lib/libsfml-graphics.so.2.3.2)
==4967==    by 0x405693: winManager::~winManager() (in /home/ben/shared/UMass/History455/Fractals/Code/bfg)
==4967==    by 0x402D98: main (in /home/ben/shared/UMass/History455/Fractals/Code/bfg)
==4967== 
==4967== Invalid free() / delete / delete[] / realloc()
==4967==    at 0x4C2C2BC: operator delete(void*) (in /usr/lib/valgrind/vgpreload_memcheck-amd64-linux.so)
==4967==    by 0x4056DB: winManager::~winManager() (in /home/ben/shared/UMass/History455/Fractals/Code/bfg)
==4967==    by 0x402DAC: main (in /home/ben/shared/UMass/History455/Fractals/Code/bfg)
==4967==  Address 0x10e62040 is 0 bytes inside an unallocated block of size 4,000,000 in arena "client"
==4967== 
==4967== Invalid read of size 4
==4967==    at 0x55780A7: std::basic_string<char, std::char_traits<char>, std::allocator<char> >::~basic_string() (in /usr/lib/x86_64-linux-gnu/libstdc++.so.6.0.21)
==4967==    by 0x406367: commandLine::~commandLine() (in /home/ben/shared/UMass/History455/Fractals/Code/bfg)
==4967==    by 0x4056FB: winManager::~winManager() (in /home/ben/shared/UMass/History455/Fractals/Code/bfg)
==4967==    by 0x402DAC: main (in /home/ben/shared/UMass/History455/Fractals/Code/bfg)
==4967==  Address 0xab6e110 is 16 bytes inside a block of size 27 free'd
==4967==    at 0x4C2C2BC: operator delete(void*) (in /usr/lib/valgrind/vgpreload_memcheck-amd64-linux.so)
==4967==    by 0x55780BF: std::basic_string<char, std::char_traits<char>, std::allocator<char> >::~basic_string() (in /usr/lib/x86_64-linux-gnu/libstdc++.so.6.0.21)
==4967==    by 0x406367: commandLine::~commandLine() (in /home/ben/shared/UMass/History455/Fractals/Code/bfg)
==4967==    by 0x4056FB: winManager::~winManager() (in /home/ben/shared/UMass/History455/Fractals/Code/bfg)
==4967==    by 0x402D98: main (in /home/ben/shared/UMass/History455/Fractals/Code/bfg)
==4967== 
==4967== Invalid free() / delete / delete[] / realloc()
==4967==    at 0x4C2C2BC: operator delete(void*) (in /usr/lib/valgrind/vgpreload_memcheck-amd64-linux.so)
==4967==    by 0x55780BF: std::basic_string<char, std::char_traits<char>, std::allocator<char> >::~basic_string() (in /usr/lib/x86_64-linux-gnu/libstdc++.so.6.0.21)
==4967==    by 0x406367: commandLine::~commandLine() (in /home/ben/shared/UMass/History455/Fractals/Code/bfg)
==4967==    by 0x4056FB: winManager::~winManager() (in /home/ben/shared/UMass/History455/Fractals/Code/bfg)
==4967==    by 0x402DAC: main (in /home/ben/shared/UMass/History455/Fractals/Code/bfg)
==4967==  Address 0xab6e100 is 0 bytes inside a block of size 27 free'd
==4967==    at 0x4C2C2BC: operator delete(void*) (in /usr/lib/valgrind/vgpreload_memcheck-amd64-linux.so)
==4967==    by 0x55780BF: std::basic_string<char, std::char_traits<char>, std::allocator<char> >::~basic_string() (in /usr/lib/x86_64-linux-gnu/libstdc++.so.6.0.21)
==4967==    by 0x406367: commandLine::~commandLine() (in /home/ben/shared/UMass/History455/Fractals/Code/bfg)
==4967==    by 0x4056FB: winManager::~winManager() (in /home/ben/shared/UMass/History455/Fractals/Code/bfg)
==4967==    by 0x402D98: main (in /home/ben/shared/UMass/History455/Fractals/Code/bfg)
==4967== 
==4967== Invalid free() / delete / delete[] / realloc()
==4967==    at 0x4C2C83C: operator delete[](void*) (in /usr/lib/valgrind/vgpreload_memcheck-amd64-linux.so)
==4967==    by 0x406DCC: fManager::~fManager() (in /home/ben/shared/UMass/History455/Fractals/Code/bfg)
==4967==    by 0x40570B: winManager::~winManager() (in /home/ben/shared/UMass/History455/Fractals/Code/bfg)
==4967==    by 0x402DAC: main (in /home/ben/shared/UMass/History455/Fractals/Code/bfg)
==4967==  Address 0xab6e080 is 0 bytes inside a block of size 64 free'd
==4967==    at 0x4C2C83C: operator delete[](void*) (in /usr/lib/valgrind/vgpreload_memcheck-amd64-linux.so)
==4967==    by 0x406DCC: fManager::~fManager() (in /home/ben/shared/UMass/History455/Fractals/Code/bfg)
==4967==    by 0x40570B: winManager::~winManager() (in /home/ben/shared/UMass/History455/Fractals/Code/bfg)
==4967==    by 0x402D98: main (in /home/ben/shared/UMass/History455/Fractals/Code/bfg)
==4967== 
Drawing Mandelbrot
setDisplay
setPixArray
SetPixArray()
Key Pressed
==4967== 
==4967== HEAP SUMMARY:
==4967==     in use at exit: 137,428 bytes in 430 blocks
==4967==   total heap usage: 65,764 allocs, 65,339 frees, 105,621,449 bytes allocated
==4967== 
==4967== 35 bytes in 1 blocks are definitely lost in loss record 13 of 74
==4967==    at 0x4C2B0E0: operator new(unsigned long) (in /usr/lib/valgrind/vgpreload_memcheck-amd64-linux.so)
==4967==    by 0x5577E68: std::string::_Rep::_S_create(unsigned long, unsigned long, std::allocator<char> const&) (in /usr/lib/x86_64-linux-gnu/libstdc++.so.6.0.21)
==4967==    by 0x557813A: std::string::_M_mutate(unsigned long, unsigned long, unsigned long) (in /usr/lib/x86_64-linux-gnu/libstdc++.so.6.0.21)
==4967==    by 0x557875D: std::string::_M_replace_safe(unsigned long, unsigned long, char const*, unsigned long) (in /usr/lib/x86_64-linux-gnu/libstdc++.so.6.0.21)
==4967==    by 0x404580: mandelbrot::mandelbrot(std::complex<double>, std::complex<double>, unsigned short, unsigned short, unsigned short) (in /home/ben/shared/UMass/History455/Fractals/Code/bfg)
==4967==    by 0x402D68: main (in /home/ben/shared/UMass/History455/Fractals/Code/bfg)
==4967== 
==4967== 35 bytes in 1 blocks are definitely lost in loss record 14 of 74
==4967==    at 0x4C2B0E0: operator new(unsigned long) (in /usr/lib/valgrind/vgpreload_memcheck-amd64-linux.so)
==4967==    by 0x5577E68: std::string::_Rep::_S_create(unsigned long, unsigned long, std::allocator<char> const&) (in /usr/lib/x86_64-linux-gnu/libstdc++.so.6.0.21)
==4967==    by 0x557813A: std::string::_M_mutate(unsigned long, unsigned long, unsigned long) (in /usr/lib/x86_64-linux-gnu/libstdc++.so.6.0.21)
==4967==    by 0x557875D: std::string::_M_replace_safe(unsigned long, unsigned long, char const*, unsigned long) (in /usr/lib/x86_64-linux-gnu/libstdc++.so.6.0.21)
==4967==    by 0x4045A0: mandelbrot::mandelbrot(std::complex<double>, std::complex<double>, unsigned short, unsigned short, unsigned short) (in /home/ben/shared/UMass/History455/Fractals/Code/bfg)
==4967==    by 0x402D68: main (in /home/ben/shared/UMass/History455/Fractals/Code/bfg)
==4967== 
==4967== 640 bytes in 1 blocks are definitely lost in loss record 57 of 74
==4967==    at 0x4C2AB80: malloc (in /usr/lib/valgrind/vgpreload_memcheck-amd64-linux.so)
==4967==    by 0x6C90DB4: XGetVisualInfo (in /usr/lib/x86_64-linux-gnu/libX11.so.6.3.0)
==4967==    by 0x64E8D40: glXGetVisualFromFBConfig (in /usr/lib/x86_64-linux-gnu/mesa/libGL.so.1.2.0)
==4967==    by 0x52AAEFC: sf::priv::GlxContext::createContext(sf::priv::GlxContext*) (in /usr/local/lib/libsfml-window.so.2.3.2)
==4967==    by 0x52AB857: sf::priv::GlxContext::GlxContext(sf::priv::GlxContext*, sf::ContextSettings const&, sf::priv::WindowImpl const*, unsigned int) (in /usr/local/lib/libsfml-window.so.2.3.2)
==4967==    by 0x529B4DC: sf::priv::GlContext::create(sf::ContextSettings const&, sf::priv::WindowImpl const*, unsigned int) (in /usr/local/lib/libsfml-window.so.2.3.2)
==4967==    by 0x529E207: sf::Window::create(sf::VideoMode, sf::String const&, unsigned int, sf::ContextSettings const&) (in /usr/local/lib/libsfml-window.so.2.3.2)
==4967==    by 0x40541F: winManager::winManager() (in /home/ben/shared/UMass/History455/Fractals/Code/bfg)
==4967==    by 0x402C32: main (in /home/ben/shared/UMass/History455/Fractals/Code/bfg)
==4967== 
==4967== 3,200 bytes in 5 blocks are definitely lost in loss record 67 of 74
==4967==    at 0x4C2AB80: malloc (in /usr/lib/valgrind/vgpreload_memcheck-amd64-linux.so)
==4967==    by 0x6C90DB4: XGetVisualInfo (in /usr/lib/x86_64-linux-gnu/libX11.so.6.3.0)
==4967==    by 0x64E8D40: glXGetVisualFromFBConfig (in /usr/lib/x86_64-linux-gnu/mesa/libGL.so.1.2.0)
==4967==    by 0x52AA908: sf::priv::GlxContext::createSurface(sf::priv::GlxContext*, unsigned int, unsigned int, unsigned int) (in /usr/local/lib/libsfml-window.so.2.3.2)
==4967==    by 0x52AB762: sf::priv::GlxContext::GlxContext(sf::priv::GlxContext*) (in /usr/local/lib/libsfml-window.so.2.3.2)
==4967==    by 0x529B435: sf::priv::GlContext::create() (in /usr/local/lib/libsfml-window.so.2.3.2)
==4967==    by 0x5299E22: sf::Context::Context() (in /usr/local/lib/libsfml-window.so.2.3.2)
==4967==    by 0x529B0FC: (anonymous namespace)::getInternalContext() (in /usr/local/lib/libsfml-window.so.2.3.2)
==4967==    by 0x529B7AA: sf::priv::GlContext::globalInit() (in /usr/local/lib/libsfml-window.so.2.3.2)
==4967==    by 0x529BCB6: sf::GlResource::GlResource() (in /usr/local/lib/libsfml-window.so.2.3.2)
==4967==    by 0x507AA4F: sf::Texture::Texture() (in /usr/local/lib/libsfml-graphics.so.2.3.2)
==4967==    by 0x4052EC: winManager::winManager() (in /home/ben/shared/UMass/History455/Fractals/Code/bfg)
==4967== 
==4967== 3,200 bytes in 5 blocks are definitely lost in loss record 68 of 74
==4967==    at 0x4C2AB80: malloc (in /usr/lib/valgrind/vgpreload_memcheck-amd64-linux.so)
==4967==    by 0x6C90DB4: XGetVisualInfo (in /usr/lib/x86_64-linux-gnu/libX11.so.6.3.0)
==4967==    by 0x64E8D40: glXGetVisualFromFBConfig (in /usr/lib/x86_64-linux-gnu/mesa/libGL.so.1.2.0)
==4967==    by 0x52AAEFC: sf::priv::GlxContext::createContext(sf::priv::GlxContext*) (in /usr/local/lib/libsfml-window.so.2.3.2)
==4967==    by 0x52AB76D: sf::priv::GlxContext::GlxContext(sf::priv::GlxContext*) (in /usr/local/lib/libsfml-window.so.2.3.2)
==4967==    by 0x529B435: sf::priv::GlContext::create() (in /usr/local/lib/libsfml-window.so.2.3.2)
==4967==    by 0x5299E22: sf::Context::Context() (in /usr/local/lib/libsfml-window.so.2.3.2)
==4967==    by 0x529B0FC: (anonymous namespace)::getInternalContext() (in /usr/local/lib/libsfml-window.so.2.3.2)
==4967==    by 0x529B7AA: sf::priv::GlContext::globalInit() (in /usr/local/lib/libsfml-window.so.2.3.2)
==4967==    by 0x529BCB6: sf::GlResource::GlResource() (in /usr/local/lib/libsfml-window.so.2.3.2)
==4967==    by 0x507AA4F: sf::Texture::Texture() (in /usr/local/lib/libsfml-graphics.so.2.3.2)
==4967==    by 0x4052EC: winManager::winManager() (in /home/ben/shared/UMass/History455/Fractals/Code/bfg)
==4967== 
==4967== 20,000 bytes in 1 blocks are definitely lost in loss record 73 of 74
==4967==    at 0x4C2B800: operator new[](unsigned long) (in /usr/lib/valgrind/vgpreload_memcheck-amd64-linux.so)
==4967==    by 0x404559: mandelbrot::mandelbrot(std::complex<double>, std::complex<double>, unsigned short, unsigned short, unsigned short) (in /home/ben/shared/UMass/History455/Fractals/Code/bfg)
==4967==    by 0x402D68: main (in /home/ben/shared/UMass/History455/Fractals/Code/bfg)
==4967== 
==4967== LEAK SUMMARY:
==4967==    definitely lost: 27,110 bytes in 14 blocks
==4967==    indirectly lost: 0 bytes in 0 blocks
==4967==      possibly lost: 0 bytes in 0 blocks
==4967==    still reachable: 110,318 bytes in 416 blocks
==4967==         suppressed: 0 bytes in 0 blocks
==4967== Reachable blocks (those to which a pointer was found) are not shown.
==4967== To see them, rerun with: --leak-check=full --show-leak-kinds=all
==4967== 
==4967== For counts of detected and suppressed errors, rerun with: -v
==4967== ERROR SUMMARY: 18 errors from 14 contexts (suppressed: 0 from 0)
